{
  "RSpec": {
    "coverage": {
      "/home/andrew/workspace/loamp/lib/loamp.rb": {
        "lines": [
          null,
          null,
          1,
          null,
          1,
          null,
          null,
          null,
          1,
          1,
          1,
          1,
          1,
          1,
          1,
          1,
          1,
          1,
          1,
          1,
          1,
          1,
          1,
          1,
          1,
          1,
          1,
          1,
          1,
          1,
          1,
          1,
          1,
          1,
          1,
          1,
          1,
          1,
          1,
          1,
          1,
          1,
          1,
          1,
          1,
          1,
          1,
          1,
          1,
          1,
          1,
          1,
          1,
          1,
          null,
          1,
          1,
          1,
          1,
          1,
          1,
          null,
          1,
          1,
          1,
          1,
          null,
          1,
          1,
          1,
          1,
          1,
          1,
          1,
          1,
          1,
          1,
          1,
          1,
          1,
          1,
          1,
          1,
          1,
          1,
          1,
          1,
          1,
          1,
          1,
          null,
          null,
          1,
          1,
          null
        ]
      },
      "/home/andrew/workspace/loamp/lib/loamp/adw.rb": {
        "lines": [
          null,
          null,
          1,
          null,
          null,
          null,
          null,
          null,
          1,
          1,
          1,
          null,
          null,
          null,
          1,
          null
        ]
      },
      "/home/andrew/workspace/loamp/lib/loamp/file_uri.rb": {
        "lines": [
          null,
          null,
          1,
          null,
          null,
          null,
          null,
          null,
          1,
          null,
          1,
          null,
          null,
          1,
          null,
          1,
          null,
          1,
          null,
          null,
          null,
          1,
          157,
          157,
          null,
          155,
          null,
          null,
          1,
          20,
          null,
          null,
          null,
          null,
          1,
          86,
          86,
          15,
          null,
          14,
          null,
          null,
          1,
          155,
          78,
          null,
          null,
          null,
          1,
          22,
          null,
          null,
          null,
          null
        ]
      },
      "/home/andrew/workspace/loamp/lib/loamp/http/rate_limiter.rb": {
        "lines": [
          null,
          null,
          1,
          1,
          null,
          null,
          null,
          null,
          null,
          null,
          null,
          null,
          1,
          6,
          null,
          1,
          null,
          null,
          null,
          1,
          33,
          33,
          35,
          33,
          33,
          null,
          null,
          null,
          null,
          null,
          null,
          null,
          null,
          null,
          1,
          14,
          14,
          14,
          null,
          null,
          14,
          null,
          null,
          1,
          null,
          1,
          14,
          null,
          8,
          8,
          null,
          null,
          null,
          null
        ]
      },
      "/home/andrew/workspace/loamp/lib/loamp/http/client.rb": {
        "lines": [
          null,
          null,
          1,
          1,
          1,
          1,
          null,
          1,
          1,
          null,
          null,
          null,
          null,
          null,
          null,
          null,
          null,
          null,
          null,
          null,
          1,
          null,
          null,
          null,
          1,
          null,
          1,
          1,
          null,
          null,
          null,
          1,
          1,
          1,
          null,
          1,
          null,
          null,
          null,
          null,
          1,
          null,
          null,
          null,
          null,
          1,
          76,
          null,
          1,
          null,
          null,
          null,
          null,
          null,
          1,
          null,
          1,
          37,
          null,
          2,
          null,
          null,
          null,
          null,
          1,
          null,
          1,
          null,
          1,
          null,
          null,
          182,
          182,
          182,
          182,
          182,
          null,
          null,
          1,
          184,
          null,
          null,
          null,
          null,
          1,
          218,
          43,
          null,
          null,
          1,
          59,
          58,
          null,
          1,
          null,
          null,
          null,
          null,
          1,
          0,
          0,
          0,
          null,
          0,
          null,
          0,
          null,
          null,
          1,
          null,
          1,
          68,
          68,
          null,
          60,
          60,
          null,
          50,
          null,
          null,
          null,
          null,
          null,
          1,
          68,
          68,
          null,
          68,
          77,
          77,
          77,
          null,
          null,
          68,
          null,
          null,
          1,
          60,
          null,
          11,
          11,
          null,
          0,
          null,
          null,
          1,
          null,
          null,
          77,
          null,
          146,
          null,
          13,
          null,
          null,
          1,
          73,
          null,
          null,
          1,
          72,
          null,
          null,
          null,
          62,
          null,
          null,
          null,
          1,
          62,
          62,
          81,
          62,
          null,
          null,
          null,
          null,
          null
        ]
      },
      "/home/andrew/workspace/loamp/lib/loamp/metadata.rb": {
        "lines": [
          null,
          null,
          1,
          null,
          1,
          null,
          null,
          null,
          null,
          null,
          null,
          null,
          null,
          null,
          1,
          null,
          null,
          1,
          null,
          1,
          null,
          null,
          null,
          null,
          null,
          null,
          null,
          1,
          null,
          null,
          1,
          null,
          null,
          1,
          null,
          null,
          null,
          1,
          null,
          1,
          1365,
          1365,
          null,
          1365,
          null,
          null,
          1365,
          1365,
          1365,
          1365,
          null,
          1365,
          1365,
          1365,
          1365,
          1365,
          null,
          1365,
          1365,
          null,
          1365,
          1365,
          null,
          1365,
          null,
          null,
          1,
          335,
          null,
          null,
          1,
          1,
          573,
          null,
          null,
          1,
          61,
          null,
          null,
          null,
          1,
          null,
          1,
          1365,
          10920,
          null,
          null,
          null,
          1,
          10920,
          10920,
          null,
          null,
          1,
          6825,
          6825,
          null,
          null,
          1,
          2730,
          2730,
          null,
          35,
          null,
          null,
          1,
          2730,
          2730,
          null,
          null,
          null,
          null,
          1,
          2730,
          2730,
          null,
          null,
          null
        ]
      },
      "/home/andrew/workspace/loamp/lib/loamp/metadata/reader.rb": {
        "lines": [
          null,
          null,
          1,
          null,
          1,
          1,
          null,
          null,
          null,
          null,
          null,
          null,
          1,
          null,
          1,
          null,
          1,
          null,
          null,
          null,
          null,
          null,
          null,
          1,
          null,
          null,
          null,
          null,
          null,
          null,
          null,
          null,
          null,
          null,
          null,
          null,
          1,
          null,
          null,
          null,
          null,
          null,
          null,
          null,
          null,
          null,
          null,
          null,
          null,
          1,
          null,
          null,
          null,
          null,
          null,
          null,
          1,
          634,
          634,
          null,
          null,
          1,
          573,
          null,
          573,
          573,
          573,
          null,
          0,
          null,
          null,
          null,
          1,
          61,
          56,
          1,
          0,
          null,
          null,
          0,
          null,
          null,
          1,
          null,
          1,
          1146,
          null,
          null,
          1,
          530,
          null,
          null,
          1,
          573,
          null,
          347,
          347,
          null,
          346,
          null,
          null,
          null,
          1,
          346,
          null,
          null,
          346,
          null,
          null,
          null,
          null,
          null,
          null,
          null,
          null,
          null,
          1,
          346,
          null,
          null,
          346,
          null,
          null,
          null,
          null,
          null,
          null,
          null,
          1,
          573,
          null,
          347,
          181,
          10,
          2,
          0,
          0,
          154,
          null,
          null,
          0,
          null,
          null,
          1,
          181,
          181,
          181,
          null,
          724,
          181,
          181,
          null,
          null,
          null,
          1,
          724,
          724,
          null,
          null,
          null,
          null,
          1,
          181,
          101,
          101,
          null,
          null,
          null,
          1,
          181,
          null,
          null,
          1,
          12,
          12,
          12,
          null,
          12,
          12,
          324,
          132,
          null,
          12,
          null,
          null,
          null,
          1,
          12,
          null,
          12,
          null,
          null,
          1,
          0,
          0,
          0,
          null,
          0,
          0,
          0,
          null,
          0,
          null,
          null,
          null,
          1,
          0,
          0,
          null,
          0,
          null,
          null,
          1,
          56,
          56,
          56,
          null,
          32,
          40,
          32,
          null,
          8,
          null,
          null,
          null,
          1,
          1,
          1,
          1,
          1,
          null,
          0,
          null,
          null,
          null,
          1,
          0,
          0,
          0,
          null,
          0,
          0,
          null,
          0,
          0,
          null,
          null,
          null,
          1,
          0,
          null,
          0,
          null,
          null,
          1,
          346,
          346,
          null,
          null,
          null,
          null
        ]
      },
      "/home/andrew/workspace/loamp/lib/loamp/artwork.rb": {
        "lines": [
          null,
          null,
          1,
          null,
          null,
          null,
          null,
          null,
          null,
          1,
          null,
          1,
          null,
          null,
          null,
          1,
          1,
          null,
          1,
          null,
          null,
          null,
          null,
          null,
          null,
          null,
          null,
          1,
          null,
          1,
          29,
          null,
          28,
          null,
          null,
          1,
          57,
          null,
          0,
          null,
          null,
          null,
          1,
          25,
          25,
          null,
          17,
          17,
          null,
          3,
          null,
          0,
          null,
          null,
          null,
          1,
          52,
          null,
          52,
          18760,
          null,
          null,
          68,
          null,
          0,
          null,
          null,
          1,
          18500,
          18500,
          null,
          45,
          null,
          null,
          1,
          3,
          null,
          null,
          null
        ]
      },
      "/home/andrew/workspace/loamp/lib/loamp/cover_art/miss_log.rb": {
        "lines": [
          null,
          null,
          1,
          1,
          null,
          1,
          1,
          null,
          null,
          null,
          null,
          null,
          null,
          null,
          null,
          null,
          null,
          null,
          null,
          null,
          1,
          null,
          null,
          1,
          null,
          1,
          null,
          12,
          57,
          57,
          57,
          57,
          null,
          null,
          1,
          0,
          null,
          null,
          1,
          31,
          31,
          null,
          null,
          null,
          8,
          null,
          1,
          1,
          null,
          null,
          1,
          15,
          15,
          15,
          null,
          null,
          1,
          3,
          3,
          null,
          null,
          1,
          null,
          1,
          null,
          1,
          10,
          null,
          null,
          null,
          null,
          null,
          1,
          54,
          null,
          null,
          1,
          29,
          null,
          5,
          4,
          null,
          1,
          null,
          null,
          1,
          32,
          null,
          null,
          null,
          null,
          1,
          18,
          17,
          17,
          17,
          17,
          null,
          1,
          null,
          null,
          null,
          null
        ]
      },
      "/home/andrew/workspace/loamp/lib/loamp/cover_art/musicbrainz.rb": {
        "lines": [
          null,
          null,
          1,
          1,
          null,
          null,
          null,
          null,
          null,
          null,
          null,
          null,
          null,
          null,
          1,
          1,
          null,
          null,
          null,
          null,
          1,
          null,
          null,
          null,
          1,
          null,
          null,
          null,
          1,
          null,
          null,
          1,
          null,
          null,
          null,
          1,
          15,
          15,
          null,
          null,
          1,
          1,
          null,
          null,
          null,
          null,
          null,
          1,
          14,
          null,
          13,
          13,
          null,
          11,
          null,
          null,
          null,
          null,
          null,
          1,
          null,
          1,
          3,
          null,
          null,
          1,
          null,
          1,
          13,
          null,
          null,
          null,
          1,
          13,
          13,
          null,
          13,
          null,
          13,
          null,
          null,
          null,
          null,
          1,
          25,
          null,
          null,
          1,
          11,
          11,
          null,
          16,
          9,
          null,
          4,
          null,
          null,
          1,
          4,
          4,
          null,
          null,
          null,
          null
        ]
      },
      "/home/andrew/workspace/loamp/lib/loamp/cover_art/archive.rb": {
        "lines": [
          null,
          null,
          1,
          1,
          null,
          null,
          null,
          null,
          null,
          1,
          1,
          null,
          null,
          null,
          null,
          1,
          null,
          null,
          null,
          null,
          null,
          null,
          null,
          1,
          null,
          null,
          null,
          1,
          null,
          null,
          null,
          1,
          15,
          15,
          15,
          null,
          null,
          1,
          null,
          null,
          null,
          1,
          13,
          null,
          11,
          11,
          null,
          7,
          null,
          null,
          null,
          null,
          1,
          3,
          null,
          null,
          1,
          12,
          null,
          null,
          1,
          null,
          null,
          null,
          1,
          13,
          null,
          null,
          1,
          7,
          7,
          null,
          6,
          null,
          null,
          null,
          null,
          1,
          6,
          6,
          null,
          null,
          null,
          null
        ]
      },
      "/home/andrew/workspace/loamp/lib/loamp/cover_art/fetcher.rb": {
        "lines": [
          null,
          null,
          1,
          1,
          null,
          null,
          null,
          null,
          null,
          null,
          null,
          null,
          null,
          null,
          1,
          1,
          1,
          null,
          null,
          null,
          1,
          null,
          null,
          1,
          11,
          11,
          null,
          null,
          1,
          11,
          11,
          null,
          6,
          null,
          6,
          null,
          6,
          null,
          null,
          1,
          null,
          null,
          null,
          1,
          11,
          null,
          null,
          null,
          null,
          null,
          1,
          10,
          null,
          null,
          null,
          null
        ]
      },
      "/home/andrew/workspace/loamp/lib/loamp/art_cache.rb": {
        "lines": [
          null,
          null,
          1,
          1,
          1,
          null,
          1,
          null,
          null,
          null,
          null,
          null,
          null,
          null,
          null,
          null,
          1,
          1,
          null,
          null,
          null,
          null,
          null,
          null,
          null,
          1,
          null,
          null,
          1,
          null,
          null,
          null,
          1,
          null,
          1,
          null,
          null,
          null,
          null,
          null,
          1,
          76,
          76,
          76,
          76,
          76,
          76,
          76,
          76,
          null,
          null,
          1,
          43,
          43,
          null,
          null,
          null,
          null,
          1,
          54,
          null,
          53,
          106,
          53,
          null,
          null,
          null,
          null,
          38,
          76,
          null,
          null,
          null,
          null,
          1,
          2,
          2,
          2,
          null,
          null,
          null,
          null,
          null,
          1,
          2,
          null,
          null,
          null,
          null,
          null,
          null,
          null,
          null,
          1,
          35,
          null,
          35,
          35,
          null,
          null,
          null,
          null,
          null,
          null,
          null,
          null,
          null,
          null,
          null,
          null,
          null,
          1,
          12,
          null,
          20,
          8,
          null,
          10,
          5,
          5,
          null,
          null,
          null,
          null,
          1,
          10,
          null,
          null,
          null,
          null,
          null,
          null,
          null,
          null,
          null,
          null,
          null,
          null,
          null,
          null,
          null,
          1,
          19,
          17,
          null,
          null,
          15,
          null,
          14,
          14,
          13,
          null,
          null,
          null,
          null,
          12,
          24,
          12,
          null,
          null,
          null,
          null,
          null,
          1,
          20,
          20,
          null,
          null,
          null,
          null,
          null,
          1,
          99,
          50,
          33,
          null,
          null,
          1,
          12,
          null,
          null,
          1,
          17,
          null,
          null,
          1,
          null,
          1,
          5,
          8,
          null,
          7,
          7,
          null,
          null,
          8,
          null,
          null,
          null,
          null,
          null,
          null,
          null,
          null,
          null,
          1,
          12,
          null,
          11,
          11,
          null,
          null,
          null,
          null,
          null,
          null,
          1,
          12,
          6,
          null,
          null,
          null,
          null,
          1,
          17,
          17,
          17,
          null,
          null,
          null,
          1,
          54,
          null,
          null,
          null,
          null,
          null,
          1,
          9,
          9,
          9,
          null,
          9,
          3,
          3,
          3,
          null,
          6,
          null,
          null,
          null,
          null,
          null,
          null,
          1,
          3,
          3,
          3,
          3,
          null,
          null,
          1,
          38,
          38,
          null,
          33,
          33,
          null,
          null,
          null,
          33,
          null,
          33,
          null,
          null,
          null,
          null,
          null,
          1,
          12,
          11,
          null,
          18,
          null,
          null,
          null,
          2,
          null,
          null,
          1,
          7,
          10,
          7,
          null,
          7,
          null,
          null,
          1,
          16,
          8,
          null,
          null,
          null,
          1,
          13,
          13,
          null,
          12,
          null,
          null,
          null,
          null,
          null,
          1,
          17,
          null,
          13,
          0,
          0,
          null,
          null,
          13,
          13,
          13,
          null,
          null,
          null,
          1,
          28,
          null,
          0,
          null,
          null,
          null,
          null,
          1,
          10,
          10,
          null,
          9,
          null,
          null,
          9,
          9,
          9,
          9,
          null,
          0,
          null,
          null,
          1,
          105,
          105,
          null,
          105,
          null,
          null,
          1,
          73,
          null,
          null,
          1,
          10,
          null,
          null,
          1,
          3,
          3,
          null,
          null,
          null
        ]
      },
      "/home/andrew/workspace/loamp/lib/loamp/playback_settings.rb": {
        "lines": [
          null,
          null,
          1,
          1,
          null,
          1,
          null,
          null,
          1,
          1,
          1,
          null,
          1,
          null,
          1,
          377,
          377,
          null,
          null,
          1,
          366,
          366,
          null,
          null,
          1,
          1124,
          1124,
          1124,
          null,
          0,
          null,
          null,
          null,
          1,
          751,
          null,
          null,
          1,
          379,
          null,
          null,
          1,
          749,
          749,
          749,
          749,
          749,
          null,
          0,
          null,
          null,
          1,
          752,
          null,
          null,
          null,
          1,
          null,
          1,
          377,
          367,
          367,
          367,
          null,
          10,
          10,
          10,
          null,
          null,
          null
        ]
      },
      "/home/andrew/workspace/loamp/lib/loamp/lyrics/document.rb": {
        "lines": [
          null,
          null,
          1,
          1,
          1,
          1,
          1,
          null,
          1,
          2,
          null,
          null,
          null,
          null
        ]
      },
      "/home/andrew/workspace/loamp/lib/loamp/lyrics/lrc_parser.rb": {
        "lines": [
          null,
          null,
          1,
          1,
          1,
          1,
          null,
          1,
          21,
          8,
          8,
          8,
          null,
          null,
          1,
          null,
          1,
          13,
          13,
          9,
          null,
          null,
          null,
          1,
          9,
          9,
          null,
          null,
          1,
          3,
          null,
          null,
          null,
          null
        ]
      },
      "/home/andrew/workspace/loamp/lib/loamp/lyrics/lrclib.rb": {
        "lines": [
          null,
          null,
          1,
          1,
          1,
          1,
          null,
          1,
          27,
          27,
          27,
          null,
          null,
          1,
          null,
          1,
          4,
          null,
          3,
          3,
          null,
          2,
          2,
          null,
          2,
          null,
          0,
          null,
          null,
          3,
          null,
          1,
          null,
          1,
          3,
          null,
          null,
          3,
          null,
          3,
          null,
          null,
          1,
          2,
          2,
          null,
          1,
          1,
          null,
          null,
          null,
          null
        ]
      },
      "/home/andrew/workspace/loamp/lib/loamp/lyrics/resolver.rb": {
        "lines": [
          null,
          null,
          1,
          1,
          1,
          1,
          30,
          30,
          null,
          null,
          1,
          null,
          1,
          14,
          null,
          14,
          14,
          null,
          12,
          12,
          null,
          0,
          null,
          null,
          1,
          4,
          4,
          4,
          null,
          null,
          1,
          null,
          1,
          3,
          null,
          null,
          1,
          12,
          null,
          12,
          12,
          null,
          null,
          null,
          null
        ]
      },
      "/home/andrew/workspace/loamp/lib/loamp/lyrics/cache.rb": {
        "lines": [
          null,
          null,
          1,
          1,
          1,
          null,
          1,
          1,
          1,
          1,
          27,
          27,
          27,
          27,
          27,
          27,
          null,
          null,
          1,
          23,
          23,
          null,
          null,
          1,
          13,
          null,
          12,
          null,
          null,
          1,
          11,
          null,
          5,
          5,
          null,
          6,
          3,
          null,
          null,
          1,
          6,
          9,
          6,
          null,
          null,
          1,
          null,
          1,
          11,
          null,
          null,
          1,
          4,
          4,
          null,
          3,
          null,
          null,
          null,
          1,
          3,
          3,
          3,
          3,
          null,
          0,
          null,
          null,
          1,
          3,
          6,
          3,
          null,
          null,
          null,
          1,
          3,
          3,
          null,
          3,
          3,
          3,
          null,
          null,
          null,
          1,
          11,
          2,
          null,
          9,
          null,
          null,
          1,
          2,
          null,
          2,
          2,
          2,
          2,
          2,
          null,
          0,
          null,
          null,
          1,
          null,
          1,
          18,
          18,
          null,
          null,
          null,
          null
        ]
      },
      "/home/andrew/workspace/loamp/lib/loamp/podcast/feed.rb": {
        "lines": [
          null,
          null,
          1,
          1,
          1,
          null,
          null,
          null,
          1,
          null,
          null,
          null,
          1,
          2,
          null,
          0,
          null,
          null,
          1,
          3,
          null,
          null,
          null,
          null,
          null,
          null,
          null,
          null
        ]
      },
      "/home/andrew/workspace/loamp/lib/loamp/podcast/parser.rb": {
        "lines": [
          null,
          null,
          1,
          1,
          null,
          1,
          1,
          1,
          1,
          5,
          4,
          4,
          2,
          null,
          1,
          null,
          1,
          null,
          null,
          1,
          null,
          1,
          2,
          2,
          null,
          2,
          2,
          null,
          null,
          2,
          null,
          null,
          null,
          1,
          2,
          null,
          2,
          null,
          2,
          null,
          null,
          null,
          null,
          null,
          null,
          null,
          null,
          1,
          1,
          1,
          null,
          null,
          1,
          null,
          null,
          null,
          1,
          1,
          1,
          null,
          1,
          null,
          null,
          null,
          null,
          null,
          null,
          null,
          1,
          null,
          1,
          2,
          null,
          null,
          1,
          2,
          1,
          1,
          null,
          2,
          null,
          null,
          1,
          3,
          null,
          0,
          null,
          null,
          1,
          3,
          3,
          null,
          6,
          null,
          null,
          null,
          null
        ]
      },
      "/home/andrew/workspace/loamp/lib/loamp/podcast/client.rb": {
        "lines": [
          null,
          null,
          1,
          1,
          1,
          1,
          25,
          25,
          null,
          null,
          1,
          2,
          2,
          2,
          null,
          1,
          null,
          0,
          null,
          null,
          null,
          null
        ]
      },
      "/home/andrew/workspace/loamp/lib/loamp/podcast/directory.rb": {
        "lines": [
          null,
          null,
          1,
          1,
          null,
          null,
          null,
          null,
          null,
          1,
          1,
          1,
          1,
          1,
          1,
          null,
          1,
          null,
          1,
          1,
          null,
          null,
          1,
          6,
          null,
          null,
          1,
          3,
          3,
          null,
          2,
          2,
          null,
          0,
          null,
          null,
          1,
          3,
          3,
          2,
          2,
          null,
          2,
          null,
          1,
          null,
          null,
          1,
          null,
          1,
          null,
          2,
          null,
          null,
          null,
          null,
          2,
          null,
          null,
          1,
          2,
          null,
          null,
          1,
          2,
          null,
          4,
          null,
          null,
          1,
          2,
          null,
          43,
          null,
          null,
          1,
          2,
          null,
          2,
          82,
          null,
          null,
          null,
          1,
          43,
          43,
          43,
          null,
          42,
          null,
          null,
          null,
          null,
          null,
          null,
          null,
          null,
          null,
          null,
          null
        ]
      },
      "/home/andrew/workspace/loamp/lib/loamp/podcast/opml.rb": {
        "lines": [
          null,
          null,
          1,
          1,
          1,
          1,
          null,
          1,
          3,
          2,
          5,
          5,
          null,
          null,
          1,
          null,
          null,
          1,
          1,
          1,
          1,
          1,
          1,
          1,
          1,
          null,
          null,
          1,
          1,
          1,
          null,
          null,
          null,
          null
        ]
      },
      "/home/andrew/workspace/loamp/lib/loamp/podcast/store.rb": {
        "lines": [
          null,
          null,
          1,
          1,
          null,
          1,
          1,
          1,
          1,
          37,
          37,
          37,
          37,
          37,
          null,
          null,
          1,
          23,
          23,
          null,
          null,
          1,
          9,
          null,
          9,
          null,
          null,
          null,
          null,
          null,
          9,
          18,
          9,
          null,
          null,
          1,
          2,
          2,
          null,
          null,
          1,
          35,
          15,
          null,
          null,
          null,
          null,
          null,
          1,
          53,
          null,
          null,
          null,
          null,
          null,
          null,
          1,
          2,
          null,
          null,
          1,
          13,
          null,
          null,
          1,
          0,
          null,
          null,
          1,
          null,
          1,
          null,
          1,
          37,
          null,
          null,
          null,
          null,
          null,
          null,
          null,
          null,
          null,
          null,
          null,
          null,
          null,
          null,
          1,
          9,
          null,
          9,
          null,
          null,
          null,
          null,
          null,
          null,
          null,
          null,
          null,
          1,
          26,
          null,
          null,
          null,
          null,
          null,
          null,
          null
        ]
      },
      "/home/andrew/workspace/loamp/lib/loamp/podcast/downloader.rb": {
        "lines": [
          null,
          null,
          1,
          null,
          1,
          1,
          1,
          1,
          4,
          null,
          null,
          1,
          4,
          4,
          4,
          4,
          3,
          null,
          2,
          2,
          4,
          2,
          null,
          0,
          null,
          null,
          1,
          null,
          null,
          null,
          1,
          4,
          null,
          null,
          null,
          null
        ]
      },
      "/home/andrew/workspace/loamp/lib/loamp/provider.rb": {
        "lines": [
          null,
          null,
          1,
          1,
          1,
          null,
          null,
          null,
          1,
          null,
          null,
          1,
          1,
          1,
          1,
          null,
          1,
          2,
          2,
          null,
          1,
          null,
          null,
          null,
          null,
          1,
          1,
          null,
          1,
          25,
          null,
          null,
          1,
          3,
          null,
          null,
          1,
          1,
          null,
          1,
          1,
          4,
          null,
          1,
          null,
          null,
          null,
          1,
          1,
          1,
          null,
          null,
          null,
          null
        ]
      },
      "/home/andrew/workspace/loamp/lib/loamp/provider/subsonic.rb": {
        "lines": [
          null,
          null,
          1,
          1,
          null,
          1,
          1,
          null,
          1,
          1,
          null,
          1,
          2,
          2,
          2,
          2,
          2,
          null,
          null,
          1,
          null,
          1,
          2,
          2,
          4,
          null,
          null,
          1,
          0,
          0,
          0,
          null,
          null,
          1,
          1,
          null,
          1,
          null,
          null,
          1,
          null,
          1,
          2,
          2,
          null,
          2,
          2,
          null,
          null,
          null,
          1,
          3,
          null,
          3,
          null,
          null,
          3,
          3,
          null,
          null,
          1,
          2,
          null,
          null,
          null,
          null,
          null,
          null
        ]
      },
      "/home/andrew/workspace/loamp/lib/loamp/provider/jellyfin.rb": {
        "lines": [
          null,
          null,
          1,
          1,
          1,
          1,
          4,
          4,
          4,
          4,
          4,
          null,
          null,
          1,
          3,
          null,
          7,
          null,
          null,
          1,
          1,
          1,
          3,
          null,
          null,
          1,
          2,
          null,
          1,
          null,
          null,
          1,
          null,
          1,
          4,
          4,
          null,
          4,
          null,
          null,
          1,
          9,
          6,
          null,
          null,
          null,
          null,
          1,
          null,
          null,
          null
        ]
      },
      "/home/andrew/workspace/loamp/lib/loamp/listenbrainz.rb": {
        "lines": [
          null,
          null,
          1,
          1,
          1,
          1,
          null,
          null,
          1,
          null,
          null,
          1,
          26,
          26,
          26,
          26,
          null,
          null,
          1,
          3,
          null,
          2,
          null,
          2,
          2,
          2,
          2,
          2,
          null,
          2,
          2,
          2,
          null,
          null,
          null,
          1,
          2,
          null,
          2,
          null,
          2,
          null,
          2,
          null,
          null,
          1,
          null,
          1,
          2,
          null,
          2,
          2,
          2,
          null,
          null,
          null,
          1,
          2,
          null,
          null,
          null
        ]
      },
      "/home/andrew/workspace/loamp/lib/loamp/lastfm.rb": {
        "lines": [
          null,
          null,
          1,
          null,
          1,
          1,
          1,
          null,
          1,
          null,
          5,
          5,
          5,
          5,
          5,
          null,
          null,
          1,
          2,
          2,
          3,
          null,
          3,
          null,
          null,
          null,
          1,
          1,
          1,
          null,
          null,
          1,
          2,
          null,
          1,
          1,
          null,
          1,
          1,
          null,
          null,
          1,
          null,
          1,
          3,
          3,
          3,
          null,
          null,
          1,
          1,
          1,
          1,
          1,
          null,
          1,
          null,
          null,
          1,
          null,
          1,
          8,
          7,
          1,
          null,
          null,
          1,
          9,
          null,
          null,
          null,
          1,
          3,
          0,
          1,
          2,
          null,
          null,
          null,
          1,
          1,
          null,
          null
        ]
      },
      "/home/andrew/workspace/loamp/lib/loamp/scrobbler.rb": {
        "lines": [
          null,
          null,
          1,
          1,
          null,
          1,
          1,
          1,
          1,
          null,
          6,
          26,
          26,
          26,
          26,
          26,
          26,
          null,
          null,
          1,
          23,
          23,
          null,
          null,
          1,
          7,
          7,
          7,
          7,
          2,
          2,
          null,
          null,
          null,
          null,
          1,
          3,
          3,
          null,
          null,
          1,
          4,
          8,
          6,
          null,
          null,
          1,
          4,
          null,
          null,
          1,
          null,
          1,
          3,
          null,
          2,
          null,
          null,
          1,
          1,
          1,
          1,
          2,
          1,
          null,
          null,
          1,
          2,
          2,
          2,
          null,
          0,
          null,
          2,
          4,
          2,
          null,
          2,
          null,
          2,
          null,
          null,
          1,
          1,
          null,
          null,
          null,
          1,
          2,
          null,
          null,
          1,
          26,
          24,
          null,
          2,
          null,
          null,
          1,
          7,
          7,
          14,
          7,
          7,
          null,
          0,
          null,
          null,
          null
        ]
      },
      "/home/andrew/workspace/loamp/lib/loamp/musicbrainz_artist.rb": {
        "lines": [
          null,
          null,
          1,
          1,
          1,
          1,
          null,
          1,
          26,
          26,
          26,
          null,
          null,
          1,
          3,
          3,
          null,
          2,
          2,
          2,
          5,
          2,
          1,
          null,
          null,
          0,
          null,
          null,
          1,
          null,
          1,
          null,
          null
        ]
      },
      "/home/andrew/workspace/loamp/lib/loamp/radio/station.rb": {
        "lines": [
          null,
          null,
          1,
          1,
          null,
          null,
          1,
          null,
          null,
          null,
          1,
          4,
          null,
          0,
          null,
          null,
          1,
          0,
          0,
          null,
          null,
          1,
          5,
          null,
          null,
          null,
          5,
          null,
          null,
          null,
          null
        ]
      },
      "/home/andrew/workspace/loamp/lib/loamp/radio/browser.rb": {
        "lines": [
          null,
          null,
          1,
          1,
          null,
          1,
          1,
          null,
          null,
          null,
          null,
          1,
          1,
          null,
          1,
          29,
          29,
          null,
          null,
          1,
          5,
          5,
          null,
          4,
          3,
          null,
          1,
          null,
          null,
          null,
          null,
          null,
          1,
          1,
          1,
          null,
          0,
          null,
          null,
          1,
          null,
          1,
          4,
          null,
          8,
          null,
          null,
          1,
          5,
          5,
          4,
          null,
          0,
          null,
          null,
          1,
          5,
          null,
          null,
          null,
          null,
          null,
          5,
          null,
          null,
          1,
          4,
          4,
          null,
          4,
          null,
          null,
          null,
          null,
          null,
          null,
          null,
          4,
          null,
          null,
          null,
          null
        ]
      },
      "/home/andrew/workspace/loamp/lib/loamp/radio/graph_store.rb": {
        "lines": [
          null,
          null,
          1,
          1,
          null,
          1,
          1,
          1,
          1,
          null,
          1,
          32,
          32,
          32,
          32,
          null,
          null,
          1,
          23,
          23,
          null,
          null,
          1,
          6,
          6,
          10,
          null,
          null,
          null,
          null,
          10,
          null,
          10,
          null,
          null,
          null,
          null,
          null,
          null,
          null,
          1,
          29,
          29,
          null,
          null,
          null,
          null,
          null,
          2,
          null,
          null,
          null,
          1,
          2,
          2,
          null,
          null,
          null,
          null,
          null,
          1,
          1,
          null,
          null,
          null,
          1,
          1,
          null,
          null,
          1,
          1,
          null,
          null,
          1,
          null,
          1,
          null,
          1,
          32,
          null,
          null,
          null,
          null,
          null,
          null,
          null,
          null,
          null,
          null,
          null,
          null,
          1,
          3,
          null,
          null,
          null,
          null
        ]
      },
      "/home/andrew/workspace/loamp/lib/loamp/radio/store.rb": {
        "lines": [
          null,
          null,
          1,
          1,
          null,
          1,
          1,
          1,
          1,
          null,
          1,
          16,
          16,
          null,
          null,
          1,
          9,
          9,
          null,
          null,
          1,
          4,
          3,
          3,
          null,
          null,
          1,
          2,
          1,
          null,
          null,
          3,
          null,
          1,
          5,
          null,
          null,
          1,
          5,
          5,
          5,
          null,
          null,
          1,
          4,
          4,
          null,
          null,
          null,
          1,
          null,
          1,
          8,
          null,
          null,
          1,
          16,
          10,
          null,
          0,
          null,
          6,
          null,
          null,
          1,
          null,
          1,
          9,
          9,
          9,
          9,
          9,
          null,
          0,
          null,
          null,
          null,
          null
        ]
      },
      "/home/andrew/workspace/loamp/lib/loamp/radio/station_queue.rb": {
        "lines": [
          null,
          null,
          1,
          1,
          null,
          1,
          1,
          1,
          null,
          1,
          null,
          1,
          4,
          4,
          4,
          4,
          4,
          4,
          4,
          4,
          4,
          null,
          null,
          1,
          104,
          29,
          null,
          9,
          9,
          9,
          null,
          null,
          1,
          0,
          null,
          0,
          0,
          null,
          null,
          null,
          1,
          1,
          1,
          null,
          1,
          null,
          1,
          29,
          29,
          21,
          0,
          0,
          null,
          0,
          8,
          null,
          null,
          null,
          1,
          21,
          0,
          null,
          21,
          21,
          88,
          null,
          21,
          null,
          null,
          1,
          0,
          0,
          null,
          null,
          1,
          75,
          null,
          null,
          null,
          null,
          1,
          46,
          9,
          9,
          18,
          18,
          null,
          0,
          null,
          null,
          1,
          37,
          37,
          0,
          null,
          37,
          null,
          37,
          null,
          null,
          null,
          37,
          37,
          37,
          null,
          null,
          1,
          9,
          9,
          9,
          9,
          null,
          null,
          null,
          null
        ]
      },
      "/home/andrew/workspace/loamp/lib/loamp/radio/similarity.rb": {
        "lines": [
          null,
          null,
          1,
          1,
          1,
          1,
          null,
          27,
          27,
          27,
          27,
          27,
          null,
          null,
          1,
          5,
          5,
          5,
          20,
          5,
          null,
          4,
          10,
          4,
          null,
          null,
          1,
          1,
          1,
          null,
          null,
          1,
          null,
          1,
          4,
          null,
          0,
          null,
          null,
          1,
          4,
          null,
          2,
          2,
          null,
          null,
          0,
          null,
          null,
          1,
          4,
          null,
          2,
          7,
          2,
          2,
          null,
          2,
          2,
          5,
          null,
          3,
          3,
          null,
          4,
          2,
          null,
          null,
          null,
          1,
          4,
          16,
          10,
          null,
          null,
          1,
          12,
          6,
          null,
          6,
          6,
          6,
          6,
          0,
          0,
          null,
          null,
          null,
          null,
          1,
          18,
          12,
          null,
          6,
          12,
          null,
          null,
          1,
          5,
          null,
          1,
          1,
          null,
          0,
          null,
          null,
          1,
          1,
          1,
          null,
          0,
          null,
          null,
          null,
          1,
          10,
          20,
          null,
          null,
          1,
          null,
          null,
          null
        ]
      },
      "/home/andrew/workspace/loamp/lib/loamp/radio/graph_layout.rb": {
        "lines": [
          null,
          null,
          1,
          1,
          1,
          1,
          1,
          null,
          1,
          null,
          1,
          18,
          18,
          18,
          null,
          null,
          1,
          83,
          83,
          49,
          49,
          49,
          null,
          null,
          34,
          null,
          null,
          null,
          null,
          1,
          25,
          25,
          25,
          216,
          null,
          null,
          1,
          703,
          703,
          703,
          14706,
          null,
          14004,
          14004,
          14004,
          14004,
          null,
          null,
          null,
          1,
          null,
          1,
          703,
          147003,
          147003,
          147003,
          147003,
          147003,
          147003,
          null,
          null,
          null,
          1,
          703,
          14002,
          14002,
          14002,
          14002,
          14002,
          14002,
          14002,
          null,
          null,
          null,
          1,
          161005,
          133002,
          133002,
          null,
          161005,
          null,
          161005,
          161005,
          null,
          null,
          1,
          49,
          null,
          null,
          null,
          null
        ]
      },
      "/home/andrew/workspace/loamp/lib/loamp/track.rb": {
        "lines": [
          null,
          null,
          1,
          null,
          1,
          null,
          null,
          null,
          null,
          1,
          1,
          null,
          1,
          null,
          1,
          null,
          1,
          1,
          null,
          null,
          null,
          1,
          1011,
          1011,
          1011,
          null,
          null,
          null,
          null,
          1,
          null,
          1,
          55,
          50,
          null,
          4,
          null,
          null,
          1,
          85,
          85,
          null,
          null,
          null,
          1,
          1,
          null,
          null,
          null
        ]
      },
      "/home/andrew/workspace/loamp/lib/loamp/playlist.rb": {
        "lines": [
          null,
          null,
          1,
          null,
          1,
          null,
          1,
          null,
          null,
          null,
          1,
          1,
          null,
          1,
          410,
          410,
          410,
          410,
          410,
          null,
          null,
          1,
          410,
          null,
          null,
          null,
          null,
          null,
          1,
          458,
          458,
          458,
          null,
          null,
          null,
          null,
          null,
          1,
          7,
          6,
          null,
          6,
          6,
          6,
          6,
          6,
          6,
          6,
          null,
          null,
          null,
          null,
          1,
          5,
          null,
          4,
          4,
          null,
          2,
          2,
          2,
          2,
          2,
          null,
          null,
          1,
          4,
          null,
          null,
          1,
          3,
          null,
          2,
          null,
          2,
          4,
          4,
          null,
          4,
          null,
          null,
          null,
          1,
          704,
          null,
          413,
          null,
          null,
          1,
          7,
          null,
          6,
          1,
          1,
          null,
          5,
          null,
          null,
          6,
          null,
          null,
          1,
          2,
          null,
          2,
          0,
          0,
          null,
          2,
          null,
          null,
          2,
          null,
          null,
          1,
          66,
          null,
          63,
          63,
          null,
          null,
          null,
          null,
          null,
          null,
          1,
          40,
          null,
          40,
          null,
          null,
          1,
          17,
          null,
          17,
          null,
          null,
          null,
          null,
          null,
          1,
          14,
          null,
          12,
          12,
          12,
          null,
          12,
          12,
          null,
          null,
          1,
          17,
          17,
          17,
          17,
          null,
          null,
          1,
          396,
          null,
          null,
          1,
          246,
          null,
          null,
          1,
          3,
          null,
          null,
          1,
          119,
          null,
          null,
          1,
          22,
          null,
          null,
          1,
          41,
          null,
          null,
          1,
          3,
          null,
          null,
          1,
          null,
          1,
          29,
          29,
          29,
          null,
          null,
          1,
          9,
          9,
          9,
          null,
          null,
          1,
          5,
          null,
          3,
          3,
          3,
          null,
          null,
          1,
          4,
          null,
          2,
          2,
          2,
          null,
          null,
          1,
          5,
          3,
          null,
          2,
          null,
          null,
          null,
          1,
          4,
          null,
          null,
          1,
          null,
          1,
          12,
          null,
          null,
          1,
          9,
          null,
          null,
          1,
          6,
          null,
          1,
          1,
          1,
          1,
          null,
          null,
          null,
          null,
          1,
          12,
          null,
          0,
          null,
          null,
          null,
          null,
          1,
          57,
          57,
          57,
          null,
          57,
          52,
          null,
          19,
          null,
          null,
          1,
          57,
          null,
          54,
          null,
          null,
          null
        ]
      },
      "/home/andrew/workspace/loamp/lib/loamp/playlist_file.rb": {
        "lines": [
          null,
          null,
          1,
          null,
          1,
          null,
          null,
          1,
          1,
          null,
          1,
          1,
          1,
          1,
          1,
          null,
          1,
          1,
          null,
          null,
          1,
          5,
          5,
          12,
          12,
          null,
          6,
          null,
          null,
          null,
          1,
          1,
          3,
          1,
          null,
          null,
          1,
          1,
          1,
          1,
          null,
          1,
          null,
          1,
          6,
          null,
          1,
          null,
          1,
          null,
          null
        ]
      },
      "/home/andrew/workspace/loamp/lib/loamp/visualizer_presets.rb": {
        "lines": [
          null,
          null,
          1,
          null,
          null,
          null,
          null,
          null,
          null,
          null,
          null,
          null,
          null,
          null,
          1,
          1,
          1,
          1,
          1,
          null,
          1,
          null,
          1,
          82,
          82,
          82,
          82,
          null,
          null,
          1,
          84,
          300,
          null,
          null,
          null,
          null,
          1,
          159,
          null,
          null,
          1,
          1,
          1,
          1,
          null,
          1,
          1,
          null,
          1,
          20,
          null,
          20,
          20,
          null,
          null,
          null,
          1,
          1,
          null,
          1,
          1,
          null,
          null,
          1,
          3,
          3,
          24,
          null,
          null,
          null,
          1,
          16,
          16,
          26,
          1,
          null,
          25,
          null,
          null,
          null,
          0,
          null,
          null,
          1,
          9,
          1,
          null,
          null,
          null,
          1,
          null,
          1,
          3,
          null,
          null,
          1,
          9,
          null,
          0,
          null,
          null,
          1,
          null,
          1,
          12,
          null,
          9,
          9,
          null,
          null,
          1,
          30,
          29,
          29,
          null,
          1,
          null,
          null,
          1,
          216,
          null,
          0,
          null,
          null,
          null,
          null,
          null,
          1,
          1,
          1,
          1,
          1,
          1,
          1,
          null,
          null
        ]
      },
      "/home/andrew/workspace/loamp/lib/loamp/audio_engine.rb": {
        "lines": [
          null,
          null,
          1,
          null,
          1,
          null,
          null,
          null,
          null,
          null,
          null,
          null,
          null,
          1,
          1,
          null,
          null,
          1,
          null,
          1,
          null,
          1,
          null,
          null,
          null,
          null,
          null,
          null,
          null,
          null,
          null,
          1,
          null,
          null,
          null,
          null,
          null,
          null,
          null,
          null,
          null,
          1,
          null,
          1,
          null,
          null,
          366,
          366,
          null,
          366,
          366,
          366,
          432,
          366,
          366,
          366,
          366,
          null,
          366,
          366,
          366,
          366,
          366,
          null,
          null,
          null,
          null,
          1,
          335,
          null,
          null,
          1,
          336,
          null,
          null,
          1,
          337,
          null,
          null,
          1,
          334,
          null,
          null,
          null,
          null,
          null,
          1,
          335,
          null,
          null,
          null,
          null,
          1,
          334,
          null,
          null,
          null,
          null,
          1,
          90,
          90,
          90,
          90,
          null,
          null,
          null,
          null,
          1,
          13,
          null,
          13,
          13,
          13,
          null,
          null,
          1,
          89,
          null,
          88,
          null,
          null,
          1,
          7,
          null,
          7,
          null,
          null,
          1,
          466,
          null,
          null,
          1,
          22,
          null,
          14,
          14,
          null,
          14,
          14,
          null,
          null,
          null,
          null,
          null,
          1,
          333,
          333,
          333,
          333,
          333,
          null,
          null,
          null,
          null,
          1,
          3260,
          null,
          3259,
          278,
          13,
          2968,
          null,
          null,
          null,
          1,
          1,
          1,
          null,
          1,
          115,
          null,
          null,
          1,
          67,
          null,
          null,
          null,
          null,
          1,
          26,
          26,
          26,
          null,
          null,
          null,
          null,
          1,
          1,
          null,
          null,
          1,
          1,
          1,
          null,
          1,
          null,
          null,
          1,
          1,
          null,
          null,
          63,
          63,
          null,
          1,
          351,
          null,
          null,
          1,
          11,
          11,
          null,
          null,
          null,
          null,
          1,
          366,
          366,
          null,
          366,
          366,
          33,
          33,
          null,
          366,
          366,
          366,
          366,
          null,
          null,
          1,
          366,
          366,
          366,
          null,
          366,
          4026,
          366,
          null,
          null,
          1,
          null,
          1,
          0,
          0,
          null,
          null,
          null,
          null,
          null,
          null,
          1,
          1678,
          null,
          9819,
          6463,
          null,
          null,
          null,
          1,
          182,
          null,
          null,
          1,
          4,
          212,
          null,
          null,
          1,
          3,
          6,
          null,
          null,
          1,
          153,
          null,
          null,
          1,
          null,
          1,
          6463,
          4,
          3,
          5079,
          66,
          67,
          null,
          null,
          null,
          1,
          67,
          null,
          67,
          null,
          null,
          null,
          67,
          null,
          0,
          null,
          null,
          1,
          201,
          201,
          201,
          null,
          0,
          null,
          null,
          1,
          66,
          66,
          null,
          null,
          1,
          4,
          4,
          4,
          null,
          null,
          1,
          3,
          3,
          3,
          3,
          null,
          null,
          null,
          1,
          5079,
          null,
          198,
          null,
          null,
          1,
          3,
          3,
          3,
          null,
          null,
          1,
          561,
          null,
          561,
          null,
          null,
          1,
          182,
          null,
          142,
          142,
          null,
          134,
          null,
          null,
          null,
          null,
          1,
          392,
          null,
          null,
          1,
          366,
          366,
          null,
          366,
          366,
          366,
          366,
          null,
          null,
          1,
          732,
          null,
          732,
          732,
          732,
          null,
          null,
          1,
          366,
          null,
          366,
          366,
          null,
          0,
          null,
          null,
          0,
          null,
          null,
          1,
          366,
          22,
          null,
          null,
          null,
          null,
          null,
          1,
          14,
          null,
          null,
          1,
          103,
          null,
          null,
          1,
          73,
          null,
          73,
          480,
          480,
          null,
          407,
          null,
          null,
          0,
          0,
          null,
          null,
          1,
          553,
          null,
          null,
          null
        ]
      },
      "/home/andrew/workspace/loamp/lib/loamp/visualizer.rb": {
        "lines": [
          null,
          null,
          1,
          1,
          1,
          1,
          null,
          1,
          null,
          1,
          195,
          65,
          null,
          0,
          0,
          null,
          null,
          1,
          null,
          null,
          null,
          1,
          64,
          null,
          null,
          null,
          null,
          null,
          1,
          3,
          null,
          2,
          2,
          null,
          1,
          1,
          1,
          null,
          0,
          null,
          null,
          1,
          1,
          null,
          1,
          1,
          1,
          1,
          null,
          null,
          null,
          null,
          1,
          1,
          null,
          1,
          1,
          1,
          1,
          1,
          1,
          null,
          0,
          null,
          null,
          1,
          1,
          1,
          1,
          null,
          0,
          null,
          null,
          1,
          null,
          1,
          62,
          null,
          62,
          null,
          null,
          1,
          62,
          null,
          0,
          null,
          null,
          1,
          null,
          null
        ]
      },
      "/home/andrew/workspace/loamp/lib/loamp/crossfade_engine.rb": {
        "lines": [
          null,
          null,
          1,
          null,
          1,
          null,
          null,
          1,
          1,
          null,
          1,
          1,
          null,
          1,
          null,
          1,
          7,
          7,
          21,
          7,
          7,
          21,
          7,
          7,
          7,
          7,
          7,
          19,
          7,
          7,
          7,
          null,
          null,
          1,
          null,
          7,
          null,
          null,
          1,
          2,
          2,
          2,
          2,
          2,
          2,
          null,
          null,
          1,
          0,
          null,
          0,
          0,
          0,
          0,
          0,
          null,
          null,
          1,
          1,
          null,
          1,
          1,
          1,
          null,
          null,
          1,
          0,
          0,
          0,
          null,
          null,
          1,
          27,
          9,
          9,
          9,
          null,
          null,
          1,
          7,
          7,
          7,
          7,
          7,
          null,
          null,
          1,
          1,
          null,
          1,
          0,
          0,
          1,
          null,
          null,
          null,
          1,
          1,
          1,
          1,
          1,
          null,
          1,
          0,
          0,
          null,
          null,
          1,
          2,
          2,
          null,
          null,
          1,
          null,
          1,
          1,
          1,
          null,
          null,
          3,
          null,
          1,
          1,
          null,
          1,
          1,
          null,
          null,
          1,
          0,
          null,
          null,
          1,
          2,
          null,
          null,
          null,
          1,
          2,
          2,
          2,
          null,
          null,
          1,
          7,
          7,
          null,
          7,
          7,
          14,
          14,
          14,
          14,
          14,
          14,
          14,
          null,
          7,
          null,
          null,
          1,
          7,
          7,
          7,
          null,
          7,
          7,
          14,
          154,
          null,
          7,
          null,
          null,
          1,
          293,
          293,
          293,
          293,
          null,
          null,
          1,
          null,
          null,
          null,
          null,
          null,
          null,
          null,
          null,
          null,
          1,
          2,
          2,
          1,
          null,
          1,
          1,
          1,
          1,
          1,
          null,
          0,
          null,
          1,
          null,
          0,
          null,
          null,
          1,
          14,
          14,
          null,
          null,
          null,
          null,
          null,
          null,
          null,
          null,
          null,
          14,
          14,
          null,
          null,
          null,
          1,
          7,
          null,
          null,
          null,
          null,
          null,
          7,
          7,
          null,
          null,
          1,
          7,
          14,
          null,
          7,
          7,
          null,
          7,
          null,
          null,
          null,
          null,
          null,
          null,
          0,
          null,
          null,
          1,
          1,
          null,
          1,
          208,
          208,
          null,
          null,
          1,
          293,
          null,
          1,
          1,
          null,
          null,
          1,
          0,
          0,
          0,
          0,
          0,
          null,
          null,
          1,
          0,
          0,
          null,
          null,
          1,
          0,
          0,
          0,
          0,
          0,
          0,
          0,
          null,
          null,
          1,
          3,
          null,
          0,
          null,
          null,
          1,
          3,
          3,
          3,
          3,
          null,
          null,
          4,
          null,
          1,
          14,
          null,
          14,
          14,
          14,
          null,
          null,
          1,
          293,
          1295,
          123,
          null,
          null,
          null,
          null,
          1,
          123,
          0,
          0,
          1,
          null,
          null,
          null,
          1,
          0,
          null,
          0,
          0,
          null,
          null,
          1,
          0,
          0,
          0,
          null,
          null,
          1,
          1,
          1,
          3,
          null,
          0,
          null,
          1,
          null,
          null,
          1,
          416,
          416,
          null,
          0,
          null,
          null,
          1,
          null,
          null
        ]
      },
      "/home/andrew/workspace/loamp/lib/loamp/player.rb": {
        "lines": [
          null,
          null,
          1,
          null,
          null,
          null,
          null,
          null,
          1,
          1,
          1,
          null,
          null,
          null,
          1,
          null,
          1,
          null,
          1,
          334,
          334,
          334,
          334,
          334,
          1018,
          null,
          334,
          null,
          null,
          null,
          null,
          null,
          null,
          null,
          null,
          1,
          100,
          null,
          null,
          1,
          170,
          null,
          null,
          1,
          305,
          null,
          null,
          1,
          61,
          null,
          null,
          null,
          null,
          1,
          2,
          null,
          null,
          1,
          100,
          null,
          null,
          1,
          60,
          null,
          null,
          null,
          null,
          1,
          62,
          61,
          null,
          60,
          null,
          null,
          1,
          7,
          null,
          null,
          1,
          35,
          35,
          null,
          null,
          1,
          3,
          null,
          null,
          1,
          11,
          null,
          null,
          1,
          3,
          null,
          2,
          null,
          2,
          null,
          1,
          null,
          null,
          1,
          19,
          19,
          19,
          null,
          null,
          null,
          null,
          1,
          1,
          1,
          1,
          1,
          1,
          null,
          null,
          null,
          1,
          37,
          37,
          null,
          null,
          1,
          20,
          null,
          null,
          1,
          139,
          null,
          null,
          1,
          9,
          9,
          null,
          null,
          null,
          null,
          1,
          1,
          14,
          null,
          1,
          19,
          19,
          19,
          null,
          null,
          1,
          8,
          8,
          8,
          null,
          null,
          1,
          null,
          1,
          0,
          null,
          null,
          1,
          null,
          1,
          0,
          null,
          null,
          1,
          null,
          1,
          0,
          null,
          null,
          null,
          null,
          null,
          null,
          null,
          1,
          4,
          null,
          null,
          1,
          2,
          null,
          null,
          1,
          12,
          null,
          null,
          null,
          null,
          1,
          1170,
          1170,
          null,
          null,
          1,
          null,
          null,
          null,
          1,
          292,
          65,
          null,
          1,
          null,
          null,
          null,
          1,
          486,
          335,
          335,
          347,
          385,
          334,
          null,
          null,
          1,
          71,
          null,
          70,
          70,
          70,
          70,
          null,
          null,
          1,
          1,
          null,
          null,
          1,
          12,
          null,
          11,
          11,
          null,
          null,
          null,
          null,
          null,
          1,
          13,
          13,
          null,
          9,
          9,
          null,
          9,
          9,
          null,
          null,
          1,
          13,
          null,
          11,
          null,
          null,
          1,
          51,
          null,
          3,
          3,
          3,
          null,
          null,
          1,
          73,
          null,
          null,
          1,
          1,
          1,
          null,
          null,
          1,
          24,
          null,
          null,
          1,
          3,
          null,
          null,
          null
        ]
      },
      "/home/andrew/workspace/loamp/lib/loamp/library.rb": {
        "lines": [
          null,
          null,
          1,
          1,
          null,
          1,
          null,
          null,
          null,
          null,
          null,
          null,
          null,
          null,
          null,
          1,
          null,
[...]
          0,
          0,
          null,
          null,
          1,
          0,
          null,
          0,
          0,
          0,
          0,
          0,
          0,
          0,
          0,
          0,
          0,
          null,
          0,
          0,
          null,
          null,
          1,
          0,
          null,
          null,
          null,
          null
        ]
      },
      "/home/andrew/workspace/loamp/lib/loamp/ui/graph_view.rb": {
        "lines": [
          null,
          null,
          1,
          1,
          1,
          1,
          null,
          1,
          null,
          null,
          null,
          null,
          1,
          0,
          0,
          0,
          0,
          0,
          0,
          0,
          0,
          0,
          0,
          0,
          0,
          0,
          null,
          null,
          1,
          1,
          1,
          1,
          null,
          1,
          0,
          0,
          null,
          null,
          1,
          0,
          0,
          null,
          0,
          0,
          0,
          0,
          0,
          0,
          0,
          0,
          0,
          0,
          0,
          null,
          null,
          1,
          0,
          0,
          0,
          null,
          null,
          1,
          null,
          1,
          0,
          0,
          0,
          0,
          null,
          0,
          0,
          0,
          null,
          0,
          null,
          0,
          0,
          0,
          0,
          0,
          0,
          0,
          0,
          0,
          0,
          0,
          0,
          0,
          0,
          0,
          null,
          0,
          0,
          0,
          0,
          0,
          null,
          0,
          0,
          null,
          0,
          0,
          0,
          0,
          0,
          0,
          0,
          null,
          0,
          0,
          0,
          0,
          0,
          0,
          null,
          null,
          1,
          0,
          null,
          null,
          1,
          0,
          0,
          0,
          0,
          0,
          0,
          0,
          0,
          0,
          null,
          0,
          null,
          null,
          1,
          0,
          0,
          0,
          0,
          null,
          0,
          0,
          null,
          0,
          0,
          0,
          null,
          null,
          0,
          null,
          0,
          0,
          0,
          0,
          null,
          0,
          0,
          null,
          0,
          0,
          null,
          0,
          0,
          0,
          0,
          null,
          0,
          0,
          0,
          null,
          0,
          null,
          0,
          0,
          0,
          0,
          null,
          0,
          null,
          null,
          1,
          0,
          0,
          0,
          0,
          null,
          null,
          null,
          1,
          0,
          null,
          0,
          0,
          0,
          0,
          0,
          0,
          0,
          null,
          0,
          0,
          0,
          null,
          null,
          0,
          null,
          0,
          null,
          null,
          1,
          0,
          0,
          0,
          0,
          0,
          0,
          null,
          0,
          0,
          0,
          null,
          0,
          null,
          null,
          1,
          0,
          0,
          null,
          0,
          0,
          null,
          0,
          null,
          0,
          0,
          0,
          0,
          0,
          null,
          null,
          1,
          0,
          null,
          0,
          0,
          null,
          null,
          1,
          0,
          0,
          0,
          0,
          0,
          null,
          0,
          null,
          null,
          null,
          1,
          0,
          null,
          null,
          1,
          0,
          null,
          null,
          1,
          0,
          null,
          null,
          null,
          null
        ]
      },
      "/home/andrew/workspace/loamp/lib/loamp/ui/visualizer_view.rb": {
        "lines": [
          null,
          null,
          1,
          1,
          1,
          1,
          0,
          0,
          null,
          0,
          0,
          0,
          0,
          0,
          null,
          0,
          null,
          0,
          0,
          0,
          0,
          0,
          null,
          0,
          0,
          0,
          0,
          null,
          null,
          1,
          0,
          0,
          null,
          null,
          1,
          null,
          null,
          null,
          1,
          0,
          0,
          0,
          0,
          null,
          0,
          0,
          null,
          0,
          0,
          null,
          0,
          0,
          0,
          0,
          null,
          null,
          1,
          0,
          0,
          0,
          0,
          0,
          0,
          null,
          null,
          1,
          0,
          0,
          0,
          0,
          null,
          null,
          1,
          0,
          0,
          null,
          null,
          1,
          0,
          0,
          0,
          0,
          null,
          0,
          0,
          0,
          null,
          null,
          1,
          0,
          0,
          0,
          0,
          0,
          null,
          0,
          0,
          null,
          0,
          0,
          0,
          null,
          0,
          null,
          null,
          null,
          null
        ]
      },
      "/home/andrew/workspace/loamp/lib/loamp/ui/secondary_views.rb": {
        "lines": [
          null,
          null,
          1,
          1,
          null,
          1,
          1,
          null,
          1,
          0,
          null,
          0,
          0,
          null,
          null,
          1,
          0,
          null,
          0,
          0,
          null,
          null,
          1,
          0,
          null,
          0,
          0,
          0,
          null,
          null,
          1,
          0,
          null,
          0,
          0,
          null,
          null,
          1,
          0,
          null,
          0,
          0,
          0,
          0,
          0,
          0,
          0,
          0,
          null,
          null,
          1,
          0,
          0,
          0,
          null,
          0,
          0,
          null,
          null,
          1,
          0,
          0,
          0,
          null,
          0,
          null,
          null,
          null,
          1,
          0,
          0,
          0,
          0,
          0,
          0,
          null,
          null,
          0,
          0,
          0,
          0,
          0,
          0,
          0,
          0,
          0,
          null,
          null,
          1,
          0,
          0,
          0,
          0,
          null,
          null,
          0,
          null,
          0,
          0,
          null,
          0,
          0,
          null,
          0,
          0,
          null,
          null,
          null,
          1,
          0,
          null,
          0,
          0,
          0,
          0,
          null,
          0,
          null,
          0,
          null,
          null,
          1,
          0,
          0,
          0,
          null,
          0,
          null,
          null,
          1,
          0,
          null,
          null,
          null,
          null
        ]
      },
      "/home/andrew/workspace/loamp/lib/loamp/ui/keyboard_shortcuts.rb": {
        "lines": [
          null,
          null,
          1,
          1,
          1,
          1,
          1,
          null,
          1,
          null,
          1,
          0,
          0,
          0,
          0,
          null,
          null,
          null,
          1,
          0,
          0,
          0,
          0,
          0,
          0,
          0,
          0,
          0,
          null,
          null,
          null,
          1,
          0,
          0,
          null,
          null,
          1,
          0,
          0,
          null,
          null,
          1,
          0,
          0,
          null,
          0,
          null,
          null,
          0,
          null,
          null,
          1,
          0,
          0,
          null,
          null,
          1,
          0,
          0,
          null,
          null,
          null,
          null
        ]
      },
      "/home/andrew/workspace/loamp/lib/loamp/ui/playback_observers.rb": {
        "lines": [
          null,
          null,
          1,
          1,
          1,
          1,
          null,
          1,
          0,
          0,
          0,
          0,
          null,
          0,
          0,
          0,
          null,
          null,
          1,
          0,
          0,
          0,
          null,
          null,
          null,
          null
        ]
      },
      "/home/andrew/workspace/loamp/lib/loamp/ui/main_window.rb": {
        "lines": [
          null,
          null,
          1,
          1,
          null,
          null,
          null,
          null,
          null,
          1,
          1,
          1,
          1,
          1,
          null,
          1,
          1,
          1,
          1,
          null,
          1,
          1,
          null,
          null,
          null,
          1,
          null,
          null,
          null,
          null,
          1,
          0,
          0,
          0,
          0,
          0,
          0,
          0,
          0,
          0,
          null,
          0,
          0,
          0,
          0,
          0,
          0,
          0,
          null,
          null,
          null,
          null,
          null,
          null,
          null,
          null,
          1,
          0,
          null,
          0,
          0,
          0,
          0,
          0,
          0,
          0,
          0,
          null,
          null,
          null,
          null,
          1,
          0,
          null,
          null,
          1,
          0,
          null,
          0,
          null,
          null,
          null,
          null,
          1,
          0,
          null,
          null,
          null,
          null,
          1,
          0,
          null,
          0,
          0,
          null,
          0,
          null,
          null,
          1,
          null,
          null,
          null,
          null,
          null,
          null,
          null,
          null,
          1,
          0,
          0,
          0,
          null,
          null,
          null,
          1,
          0,
          0,
          0,
          null,
          null,
          1,
          0,
          null,
          0,
          0,
          0,
          0,
          0,
          null,
          0,
          0,
          0,
          0,
          null,
          0,
          0,
          0,
          0,
          0,
          null,
          null,
          1,
          0,
          0,
          0,
          0,
          null,
          0,
          0,
          0,
          0,
          0,
          null,
          0,
          0,
          null,
          0,
          0,
          null,
          0,
          null,
          0,
          0,
          null,
          0,
          null,
          0,
          null,
          null,
          null,
          1,
          0,
          0,
          0,
          0,
          0,
          null,
          null,
          1,
          0,
          0,
          0,
          null,
          0,
          0,
          0,
          0,
          0,
          0,
          0,
          0,
          0,
          0,
          0,
          null,
          0,
          0,
          null,
          null,
          1,
          0,
          0,
          0,
          0,
          null,
          0,
          null,
          null,
          null,
          0,
          0,
          0,
          null,
          0,
          0,
          null,
          0,
          null,
          null,
          null,
          null,
          null,
          1,
          0,
          0,
          0,
          0,
          null,
          0,
          null,
          null,
          1,
          0,
          0,
          null,
          0,
          0,
          null,
          0,
          0,
          0,
          0,
          null,
          0,
          0,
          0,
          0,
          null,
          0,
          0,
          0,
          0,
          0,
          null,
          0,
          0,
          0,
          0,
          0,
          0,
          null,
          null,
          1,
          0,
          null,
          0,
          0,
          0,
          null,
          null,
          null,
          null,
          1,
          0,
          null,
          0,
          null,
          0,
          null,
          0,
          0,
          null,
          null,
          0,
          0,
          null,
          null,
          0,
          0,
          null,
          null,
          0,
          0,
          null,
          null,
          0,
          0,
          null,
          null,
          0,
          null,
          null,
          1,
          0,
          0,
          0,
          0,
          null,
          null,
          null,
          null,
          1,
          0,
          0,
          0,
          0,
          null,
          0,
          0,
          0,
          0,
          0,
          0,
          null,
          0,
          0,
          0,
          null,
          null,
          1,
          0,
          0,
          0,
          0,
          0,
          0,
          0,
          0,
          0,
          0,
          0,
          null,
          null,
          1,
          0,
          null,
          null,
          null,
          null,
          null,
          null,
          1,
          0,
          null,
          0,
          0,
          0,
          null,
          0,
          0,
          null,
          null,
          null,
          1,
          0,
          0,
          0,
          null,
          null,
          1,
          0,
          null,
          null,
          1,
          0,
          0,
          0,
          null,
          0,
          0,
          0,
          null,
          0,
          null,
          null,
          null,
          1,
          0,
          0,
          null,
          0,
          null,
          0,
          0,
          0,
          0,
          0,
          0,
          0,
          null,
          null,
          1,
          0,
          0,
          null,
          0,
          0,
          null,
          null,
          1,
          0,
          0,
          0,
          0,
          null,
          0,
          0,
          0,
          null,
          0,
          0,
          0,
          null,
          null,
          null,
          1,
          0,
          0,
          null,
          0,
          0,
          0,
          null,
          0,
          null,
          null,
          null,
          1,
          0,
          0,
          null,
          0,
          0,
          0,
          null,
          null,
          1,
          0,
          0,
          0,
          0,
          null,
          null,
          1,
          0,
          0,
          0,
          0,
          0,
          0,
          0,
          null,
          null,
          1,
          0,
          null,
          null,
          1,
          0,
          0,
          null,
          0,
          0,
          0,
          null,
          null,
          1,
          0,
          0,
          0,
          0,
          0,
          0,
          0,
          null,
          0,
          null,
          null,
          null,
          null,
          1,
          0,
          0,
          0,
          0,
          null,
          0,
          0,
          0,
          null,
          null,
          null,
          null,
          null
        ]
      },
      "/home/andrew/workspace/loamp/lib/loamp/application.rb": {
        "lines": [
          null,
          null,
          1,
          null,
          1,
          1,
          null,
          null,
          null,
          1,
          null,
          1,
          null,
          null,
          1,
          0,
          0,
          0,
          null,
          null,
          0,
          0,
          0,
          0,
          0,
          0,
          0,
          0,
          0,
          0,
          0,
          null,
          null,
          1,
          0,
          null,
          0,
          0,
          null,
          null,
          null,
          null,
          null,
          0,
          0,
          0,
          0,
          0,
          0,
          0,
          0,
          null,
          null,
          0,
          0,
          0,
          0,
          0,
          0,
          0,
          0,
          0,
          null,
          null,
          0,
          null,
          null,
          null,
          null,
          null,
          1,
          0,
          0,
          0,
          null,
          0,
          null,
          0,
          0,
          0,
          0,
          null,
          null,
          null,
          null,
          null,
          null,
          1,
          0,
          0,
          0,
          null,
          0,
          0,
          null,
          null,
          null,
          null,
          1,
          0,
          0,
          0,
          0,
          null,
          0,
          0,
          null,
          null,
          null,
          null,
          1,
          0,
          null,
          null,
          1,
          null,
          1,
          0,
          0,
          null,
          0,
          null,
          0,
          0,
          0,
          null,
          null,
          null,
          null,
          1,
          0,
          null,
          0,
          0,
          null,
          null,
          1,
          0,
          null,
          0,
          0,
          null,
          null,
          1,
          0,
          null,
          null,
          1,
          null,
          1,
          0,
          0,
          0,
          null,
          null,
          null,
          1,
          0,
          0,
          0,
          0,
          0,
          0,
          null,
          null,
          0,
          null,
          null,
          1,
          0,
          0,
          0,
          null,
          null,
          1,
          0,
          0,
          null,
          0,
          null,
          null,
          null,
          null,
          null,
          1,
          0,
          0,
          null,
          0,
          null,
          null,
          null,
          null,
          null,
          null,
          null,
          1,
          0,
          0,
          null,
          null,
          null,
          null,
          1,
          0,
          0,
          0,
          0,
          null,
          null,
          null,
          null,
          1,
          0,
          null,
          null,
          1,
          0,
          0,
          0,
          0,
          null,
          null,
          null,
          null
        ]
      }
    },
    "timestamp": 1787814641
  }
}
